0 info it worked if it ends with ok
1 verbose cli [ 'D:\\dev\\apps\\nodejs\\node.exe',
1 verbose cli   'C:\\Users\\Jason\\AppData\\Roaming\\npm\\node_modules\\npm\\bin\\npm-cli.js',
1 verbose cli   'run',
1 verbose cli   'test' ]
2 info using npm@3.10.5
3 info using node@v7.2.1
4 verbose run-script [ 'pretest', 'test', 'posttest' ]
5 info lifecycle trail-image@2.1.2~pretest: trail-image@2.1.2
6 silly lifecycle trail-image@2.1.2~pretest: no script for pretest, continuing
7 info lifecycle trail-image@2.1.2~test: trail-image@2.1.2
8 verbose lifecycle trail-image@2.1.2~test: unsafe-perm in lifecycle true
9 verbose lifecycle trail-image@2.1.2~test: PATH: C:\Users\Jason\AppData\Roaming\npm\node_modules\npm\bin\node-gyp-bin;d:\dev\trail-image\node_modules\.bin;D:\dev\apps\nodejs;C:\Program Files\PostgreSQL\9.6\bin;D:\dev\apps\Python27\;D:\dev\apps\Python27\Scripts;C:\Program Files\Docker\Docker\Resources\bin;C:\ProgramData\Oracle\Java\javapath;C:\WINDOWS\system32;C:\WINDOWS;C:\WINDOWS\System32\Wbem;C:\WINDOWS\System32\WindowsPowerShell\v1.0\;D:\dev\Heroku\bin;E:\Users\Jason\AppData\Local\Code\bin;C:\Users\Jason\AppData\Roaming\npm;C:\adb;C:\WINDOWS\system32;C:\WINDOWS;C:\WINDOWS\System32\Wbem;C:\WINDOWS\System32\WindowsPowerShell\v1.0\;D:\dev\apps\php;d:\dev\apps\Git\cmd;C:\Program Files\TortoiseGit\bin;D:\dev\apps\nodejs\;d:\dev\apps\Ruby193\bin;E:\Users\Jason\AppData\Local\Code\bin;C:\Users\Jason\AppData\Local\Microsoft\WindowsApps;C:\Program Files (x86)\Microsoft VS Code\bin;C:\Users\Jason\AppData\Roaming\npm
10 verbose lifecycle trail-image@2.1.2~test: CWD: d:\dev\trail-image
11 silly lifecycle trail-image@2.1.2~test: Args: [ '/d /s /c', 'mocha --recursive --reporter spec' ]
12 silly lifecycle trail-image@2.1.2~test: Returned: code: 1  signal: null
13 info lifecycle trail-image@2.1.2~test: Failed to exec test script
14 verbose stack Error: trail-image@2.1.2 test: `mocha --recursive --reporter spec`
14 verbose stack Exit status 1
14 verbose stack     at EventEmitter.<anonymous> (C:\Users\Jason\AppData\Roaming\npm\node_modules\npm\lib\utils\lifecycle.js:242:16)
14 verbose stack     at emitTwo (events.js:106:13)
14 verbose stack     at EventEmitter.emit (events.js:191:7)
14 verbose stack     at ChildProcess.<anonymous> (C:\Users\Jason\AppData\Roaming\npm\node_modules\npm\lib\utils\spawn.js:40:14)
14 verbose stack     at emitTwo (events.js:106:13)
14 verbose stack     at ChildProcess.emit (events.js:191:7)
14 verbose stack     at maybeClose (internal/child_process.js:885:16)
14 verbose stack     at Process.ChildProcess._handle.onexit (internal/child_process.js:226:5)
15 verbose pkgid trail-image@2.1.2
16 verbose cwd d:\dev\trail-image
17 error Windows_NT 10.0.14965
18 error argv "D:\\dev\\apps\\nodejs\\node.exe" "C:\\Users\\Jason\\AppData\\Roaming\\npm\\node_modules\\npm\\bin\\npm-cli.js" "run" "test"
19 error node v7.2.1
20 error npm  v3.10.5
21 error code ELIFECYCLE
22 error trail-image@2.1.2 test: `mocha --recursive --reporter spec`
22 error Exit status 1
23 error Failed at the trail-image@2.1.2 test script 'mocha --recursive --reporter spec'.
23 error Make sure you have the latest version of node.js and npm installed.
23 error If you do, this is most likely a problem with the trail-image package,
23 error not with npm itself.
23 error Tell the author that this fails on your system:
23 error     mocha --recursive --reporter spec
23 error You can get information on how to open an issue for this project with:
23 error     npm bugs trail-image
23 error Or if that isn't available, you can get their info via:
23 error     npm owner ls trail-image
23 error There is likely additional logging output above.
24 verbose exit [ 1, true ]
